Shop/Shop-app/manifest-merger-release-report.txt
-- Merging decision tree log ---
manifest
ADDED from AndroidManifest.xml:2:1
	xmlns:android
		ADDED from AndroidManifest.xml:2:11
	package
		ADDED from AndroidManifest.xml:3:5
		INJECTED from AndroidManifest.xml:0:0
		INJECTED from AndroidManifest.xml:0:0
	android:versionName
		ADDED from AndroidManifest.xml:5:5
	android:versionCode
		ADDED from AndroidManifest.xml:4:5
		INJECTED from AndroidManifest.xml:0:0
		INJECTED from AndroidManifest.xml:0:0
uses-sdk
ADDED from AndroidManifest.xml:7:5
MERGED from com.android.support:support-v4:21.0.3:15:5
MERGED from com.android.support:appcompat-v7:21.0.3:15:5
MERGED from com.android.support:support-v4:21.0.3:15:5
MERGED from com.android.support:cardview-v7:21.0.3:15:5
MERGED from com.github.johnkil.android-robototextview:robototextview:2.2.0:8:5
MERGED from de.hdodenhof:circleimageview:1.2.1:5:5
MERGED from com.amulyakhare:com.amulyakhare.textdrawable:1.0.0:8:5
MERGED from se.emilsjolander:stickylistheaders:2.6.0:7:5
	android:targetSdkVersion
		ADDED from AndroidManifest.xml:9:9
		INJECTED from AndroidManifest.xml:0:0
		INJECTED from AndroidManifest.xml:0:0
	android:minSdkVersion
		ADDED from AndroidManifest.xml:8:9
		INJECTED from AndroidManifest.xml:0:0
		INJECTED from AndroidManifest.xml:0:0
permission#cn.bmob.permission.push
ADDED from AndroidManifest.xml:12:5
	android:protectionLevel
		ADDED from AndroidManifest.xml:13:9
	android:name
		ADDED from AndroidManifest.xml:14:9
uses-permission#cn.bmob.permission.push
ADDED from AndroidManifest.xml:15:5
	android:name
		ADDED from AndroidManifest.xml:15:22
uses-permission#android.permission.READ_LOGS
ADDED from AndroidManifest.xml:17:5
	android:name
		ADDED from AndroidManifest.xml:17:22
uses-permission#android.permission.INTERNET
ADDED from AndroidManifest.xml:18:5
	android:name
		ADDED from AndroidManifest.xml:18:22
uses-permission#android.permission.READ_PHONE_STATE
ADDED from AndroidManifest.xml:19:5
	android:name
		ADDED from AndroidManifest.xml:19:22
uses-permission#android.permission.WAKE_LOCK
ADDED from AndroidManifest.xml:20:5
	android:name
		ADDED from AndroidManifest.xml:20:22
uses-permission#android.permission.RECEIVE_BOOT_COMPLETED
ADDED from AndroidManifest.xml:21:5
	android:name
		ADDED from AndroidManifest.xml:21:22
uses-permission#android.permission.WRITE_EXTERNAL_STORAGE
ADDED from AndroidManifest.xml:22:5
	android:name
		ADDED from AndroidManifest.xml:22:22
uses-permission#android.permission.VIBRATE
ADDED from AndroidManifest.xml:23:5
	android:name
		ADDED from AndroidManifest.xml:23:22
uses-permission#android.permission.ACCESS_NETWORK_STATE
ADDED from AndroidManifest.xml:24:5
	android:name
		ADDED from AndroidManifest.xml:24:22
uses-permission#android.permission.ACCESS_WIFI_STATE
ADDED from AndroidManifest.xml:25:5
	android:name
		ADDED from AndroidManifest.xml:25:22
uses-permission#android.permission.ACCESS_COARSE_LOCATION
ADDED from AndroidManifest.xml:26:5
	android:name
		ADDED from AndroidManifest.xml:26:22
uses-permission#android.permission.ACCESS_FINE_LOCATION
ADDED from AndroidManifest.xml:27:5
	android:name
		ADDED from AndroidManifest.xml:27:22
uses-permission#android.permission.RECEIVE_USER_PRESENT
ADDED from AndroidManifest.xml:28:5
	android:name
		ADDED from AndroidManifest.xml:28:22
uses-permission#android.permission.MODIFY_AUDIO_SETTINGS
ADDED from AndroidManifest.xml:29:5
	android:name
		ADDED from AndroidManifest.xml:29:22
application
ADDED from AndroidManifest.xml:32:5
MERGED from com.android.support:support-v4:21.0.3:16:5
MERGED from com.android.support:appcompat-v7:21.0.3:16:5
MERGED from com.android.support:support-v4:21.0.3:16:5
MERGED from com.android.support:cardview-v7:21.0.3:16:5
MERGED from com.github.johnkil.android-robototextview:robototextview:2.2.0:12:5
MERGED from de.hdodenhof:circleimageview:1.2.1:9:5
MERGED from com.amulyakhare:com.amulyakhare.textdrawable:1.0.0:12:5
	android:label
		ADDED from AndroidManifest.xml:36:9
	android:allowBackup
		ADDED from AndroidManifest.xml:34:9
	android:icon
		ADDED from AndroidManifest.xml:35:9
	android:theme
		ADDED from AndroidManifest.xml:37:9
	android:name
		ADDED from AndroidManifest.xml:33:9
activity#com.stone.shop.activity.SplashActivity
ADDED from AndroidManifest.xml:38:9
	android:screenOrientation
		ADDED from AndroidManifest.xml:41:13
	android:label
		ADDED from AndroidManifest.xml:40:13
	android:theme
		ADDED from AndroidManifest.xml:42:13
	android:name
		ADDED from AndroidManifest.xml:39:13
intent-filter#android.intent.action.MAIN+android.intent.category.LAUNCHER
ADDED from AndroidManifest.xml:43:13
action#android.intent.action.MAIN
ADDED from AndroidManifest.xml:44:17
	android:name
		ADDED from AndroidManifest.xml:44:25
category#android.intent.category.LAUNCHER
ADDED from AndroidManifest.xml:45:17
	android:name
		ADDED from AndroidManifest.xml:45:27
activity#cn.bmob.v3.update.UpdateDialogActivity
ADDED from AndroidManifest.xml:51:9
	android:theme
		ADDED from AndroidManifest.xml:53:13
	android:name
		ADDED from AndroidManifest.xml:52:13
activity#com.stone.shop.activity.MainActivity
ADDED from AndroidManifest.xml:57:9
	android:screenOrientation
		ADDED from AndroidManifest.xml:59:13
	android:label
		ADDED from AndroidManifest.xml:60:13
	android:theme
		ADDED from AndroidManifest.xml:62:13
	android:name
		ADDED from AndroidManifest.xml:58:13
	android:launchMode
		ADDED from AndroidManifest.xml:61:13
activity#com.stone.shop.activity.LoginActivity
ADDED from AndroidManifest.xml:64:9
	android:screenOrientation
		ADDED from AndroidManifest.xml:68:13
	android:label
		ADDED from AndroidManifest.xml:66:13
	android:theme
		ADDED from AndroidManifest.xml:69:13
	android:name
		ADDED from AndroidManifest.xml:65:13
	android:launchMode
		ADDED from AndroidManifest.xml:67:13
activity#com.stone.shop.activity.ResetPsdActivity
ADDED from AndroidManifest.xml:72:9
	android:label
		ADDED from AndroidManifest.xml:74:13
	android:uiOptions
		ADDED from AndroidManifest.xml:75:13
	android:parentActivityName
		ADDED from AndroidManifest.xml:76:13
	android:name
		ADDED from AndroidManifest.xml:73:13
meta-data#android.support.PARENT_ACTIVITY
ADDED from AndroidManifest.xml:77:13
	android:name
		ADDED from AndroidManifest.xml:78:17
	android:value
		ADDED from AndroidManifest.xml:79:17
meta-data#android.support.UI_OPTIONS
ADDED from AndroidManifest.xml:80:13
	android:name
		ADDED from AndroidManifest.xml:81:17
	android:value
		ADDED from AndroidManifest.xml:82:17
activity#com.stone.shop.activity.old.OldMainActivity
ADDED from AndroidManifest.xml:84:9
	android:label
		ADDED from AndroidManifest.xml:86:13
	android:name
		ADDED from AndroidManifest.xml:85:13
activity#com.stone.shop.activity.RegisterActivity
ADDED from AndroidManifest.xml:88:9
	android:label
		ADDED from AndroidManifest.xml:90:13
	android:uiOptions
		ADDED from AndroidManifest.xml:91:13
	android:parentActivityName
		ADDED from AndroidManifest.xml:92:13
	android:name
		ADDED from AndroidManifest.xml:89:13
activity#com.stone.shop.activity.ShopActivity
ADDED from AndroidManifest.xml:101:9
	android:label
		ADDED from AndroidManifest.xml:103:13
	android:name
		ADDED from AndroidManifest.xml:102:13
activity#com.stone.shop.activity.ShopAllActivity
ADDED from AndroidManifest.xml:104:9
	android:label
		ADDED from AndroidManifest.xml:106:13
	android:name
		ADDED from AndroidManifest.xml:105:13
activity#com.stone.shop.activity.hbut.SecondTradeActivity
ADDED from AndroidManifest.xml:107:9
	android:label
		ADDED from AndroidManifest.xml:109:13
	android:uiOptions
		ADDED from AndroidManifest.xml:110:13
	android:parentActivityName
		ADDED from AndroidManifest.xml:111:13
	android:name
		ADDED from AndroidManifest.xml:108:13
activity#com.stone.shop.activity.ShopItemActivity
ADDED from AndroidManifest.xml:119:9
	android:label
		ADDED from AndroidManifest.xml:121:13
	android:uiOptions
		ADDED from AndroidManifest.xml:122:13
	android:parentActivityName
		ADDED from AndroidManifest.xml:123:13
	android:name
		ADDED from AndroidManifest.xml:120:13
activity#com.stone.shop.activity.CommentActivity
ADDED from AndroidManifest.xml:132:9
	android:label
		ADDED from AndroidManifest.xml:134:13
	android:uiOptions
		ADDED from AndroidManifest.xml:135:13
	android:parentActivityName
		ADDED from AndroidManifest.xml:136:13
	android:name
		ADDED from AndroidManifest.xml:133:13
activity#com.stone.shop.activity.ShopCartActivity
ADDED from AndroidManifest.xml:145:9
	android:screenOrientation
		ADDED from AndroidManifest.xml:148:13
	android:label
		ADDED from AndroidManifest.xml:147:13
	android:uiOptions
		ADDED from AndroidManifest.xml:149:13
	android:parentActivityName
		ADDED from AndroidManifest.xml:150:13
	android:name
		ADDED from AndroidManifest.xml:146:13
activity#com.stone.shop.activity.OrderActivity
ADDED from AndroidManifest.xml:160:9
	android:label
		ADDED from AndroidManifest.xml:162:13
	android:name
		ADDED from AndroidManifest.xml:161:13
activity#com.stone.shop.activity.OrderInfoActivity
ADDED from AndroidManifest.xml:163:9
	android:label
		ADDED from AndroidManifest.xml:165:13
	android:uiOptions
		ADDED from AndroidManifest.xml:166:13
	android:parentActivityName
		ADDED from AndroidManifest.xml:167:13
	android:name
		ADDED from AndroidManifest.xml:164:13
activity#com.stone.shop.activity.old.NewsActivity
ADDED from AndroidManifest.xml:176:9
	android:label
		ADDED from AndroidManifest.xml:178:13
	android:name
		ADDED from AndroidManifest.xml:177:13
activity#com.stone.shop.activity.old.WsqActivity
ADDED from AndroidManifest.xml:179:9
	android:label
		ADDED from AndroidManifest.xml:181:13
	android:name
		ADDED from AndroidManifest.xml:180:13
activity#com.stone.shop.activity.old.WebActivity
ADDED from AndroidManifest.xml:182:9
	android:label
		ADDED from AndroidManifest.xml:184:13
	android:name
		ADDED from AndroidManifest.xml:183:13
activity#com.stone.shop.activity.hbut.FinderActivity
ADDED from AndroidManifest.xml:185:9
	android:screenOrientation
		ADDED from AndroidManifest.xml:188:13
	android:label
		ADDED from AndroidManifest.xml:187:13
	android:uiOptions
		ADDED from AndroidManifest.xml:189:13
	android:parentActivityName
		ADDED from AndroidManifest.xml:190:13
	android:name
		ADDED from AndroidManifest.xml:186:13
activity#com.stone.shop.activity.PayActivity
ADDED from AndroidManifest.xml:200:9
	android:screenOrientation
		ADDED from AndroidManifest.xml:203:13
	android:label
		ADDED from AndroidManifest.xml:202:13
	android:uiOptions
		ADDED from AndroidManifest.xml:204:13
	android:parentActivityName
		ADDED from AndroidManifest.xml:205:13
	android:name
		ADDED from AndroidManifest.xml:201:13
activity#com.stone.shop.activity.old.CoolStuActivity
ADDED from AndroidManifest.xml:215:9
	android:label
		ADDED from AndroidManifest.xml:217:13
	android:name
		ADDED from AndroidManifest.xml:216:13
activity#com.stone.shop.activity.old.LoverWallActivity
ADDED from AndroidManifest.xml:218:9
	android:label
		ADDED from AndroidManifest.xml:220:13
	android:name
		ADDED from AndroidManifest.xml:219:13
activity#com.stone.shop.activity.old.CoolAddActivity
ADDED from AndroidManifest.xml:221:9
	android:label
		ADDED from AndroidManifest.xml:223:13
	android:name
		ADDED from AndroidManifest.xml:222:13
activity#com.stone.shop.activity.old.AwardActivity
ADDED from AndroidManifest.xml:224:9
	android:label
		ADDED from AndroidManifest.xml:226:13
	android:name
		ADDED from AndroidManifest.xml:225:13
activity#com.stone.shop.activity.MineActivity
ADDED from AndroidManifest.xml:227:9
	android:label
		ADDED from AndroidManifest.xml:229:13
	android:name
		ADDED from AndroidManifest.xml:228:13
activity#com.stone.shop.activity.UserInfoActivity
ADDED from AndroidManifest.xml:231:9
	android:label
		ADDED from AndroidManifest.xml:233:13
	android:name
		ADDED from AndroidManifest.xml:232:13
activity#com.stone.shop.activity.MineInfoActivity
ADDED from AndroidManifest.xml:243:9
	android:screenOrientation
		ADDED from AndroidManifest.xml:247:13
	android:label
		ADDED from AndroidManifest.xml:245:13
	android:uiOptions
		ADDED from AndroidManifest.xml:248:13
	android:theme
		ADDED from AndroidManifest.xml:246:13
	android:parentActivityName
		ADDED from AndroidManifest.xml:249:13
	android:name
		ADDED from AndroidManifest.xml:244:13
activity#com.stone.shop.activity.MineInfoEditActivity
ADDED from AndroidManifest.xml:258:9
	android:label
		ADDED from AndroidManifest.xml:260:13
	android:uiOptions
		ADDED from AndroidManifest.xml:261:13
	android:parentActivityName
		ADDED from AndroidManifest.xml:262:13
	android:name
		ADDED from AndroidManifest.xml:259:13
activity#com.stone.shop.activity.MineSoftActivity
ADDED from AndroidManifest.xml:271:9
	android:label
		ADDED from AndroidManifest.xml:273:13
	android:parentActivityName
		ADDED from AndroidManifest.xml:274:13
	android:name
		ADDED from AndroidManifest.xml:272:13
activity#com.stone.shop.activity.FeedBackActivity
ADDED from AndroidManifest.xml:280:9
	android:label
		ADDED from AndroidManifest.xml:282:13
	android:uiOptions
		ADDED from AndroidManifest.xml:283:13
	android:parentActivityName
		ADDED from AndroidManifest.xml:284:13
	android:name
		ADDED from AndroidManifest.xml:281:13
activity#com.stone.shop.activity.old.OldMineActivity
ADDED from AndroidManifest.xml:293:9
	android:label
		ADDED from AndroidManifest.xml:295:13
	android:name
		ADDED from AndroidManifest.xml:294:13
activity#com.stone.shop.activity.old.NewsDetailActivity
ADDED from AndroidManifest.xml:296:9
	android:label
		ADDED from AndroidManifest.xml:298:13
	android:name
		ADDED from AndroidManifest.xml:297:13
activity#com.stone.shop.activity.AboutActivity
ADDED from AndroidManifest.xml:299:9
	android:label
		ADDED from AndroidManifest.xml:301:13
	android:uiOptions
		ADDED from AndroidManifest.xml:302:13
	android:parentActivityName
		ADDED from AndroidManifest.xml:303:13
	android:name
		ADDED from AndroidManifest.xml:300:13
activity#com.stone.shop.activity.hbut.BXTActivity
ADDED from AndroidManifest.xml:314:9
	android:label
		ADDED from AndroidManifest.xml:316:13
	android:uiOptions
		ADDED from AndroidManifest.xml:317:13
	android:parentActivityName
		ADDED from AndroidManifest.xml:318:13
	android:name
		ADDED from AndroidManifest.xml:315:13
activity#com.stone.shop.activity.hbut.BXTNewsActivity
ADDED from AndroidManifest.xml:327:9
	android:label
		ADDED from AndroidManifest.xml:329:13
	android:uiOptions
		ADDED from AndroidManifest.xml:330:13
	android:parentActivityName
		ADDED from AndroidManifest.xml:331:13
	android:name
		ADDED from AndroidManifest.xml:328:13
activity#com.stone.shop.activity.hbut.StudentGradeActivity
ADDED from AndroidManifest.xml:341:9
	android:label
		ADDED from AndroidManifest.xml:343:13
	android:uiOptions
		ADDED from AndroidManifest.xml:344:13
	android:parentActivityName
		ADDED from AndroidManifest.xml:345:13
	android:name
		ADDED from AndroidManifest.xml:342:13
service#com.stone.shop.service.GetSemesterService
ADDED from AndroidManifest.xml:355:9
	android:name
		ADDED from AndroidManifest.xml:355:18
service#com.stone.shop.service.GetStuGradeService
ADDED from AndroidManifest.xml:357:9
	android:name
		ADDED from AndroidManifest.xml:357:18
service#com.stone.shop.service.GetStuSchduleService
ADDED from AndroidManifest.xml:359:9
	android:name
		ADDED from AndroidManifest.xml:359:18
receiver#com.stone.shop.receiver.ActivityIntentReceiver
ADDED from AndroidManifest.xml:361:9
	android:name
		ADDED from AndroidManifest.xml:361:19
intent-filter#com.stone.shop.ACTION_TO_SHOP_CART
ADDED from AndroidManifest.xml:362:13
action#com.stone.shop.ACTION_TO_SHOP_CART
ADDED from AndroidManifest.xml:363:17
	android:name
		ADDED from AndroidManifest.xml:363:25
service#cn.bmob.push.lib.service.PushService
ADDED from AndroidManifest.xml:369:9
	android:label
		ADDED from AndroidManifest.xml:370:13
	android:process
		ADDED from AndroidManifest.xml:372:13
	android:exported
		ADDED from AndroidManifest.xml:374:13
	android:permission
		ADDED from AndroidManifest.xml:373:13
	android:name
		ADDED from AndroidManifest.xml:371:13
intent-filter#cn.bmob.push.lib.service.PushService
ADDED from AndroidManifest.xml:375:13
action#cn.bmob.push.lib.service.PushService
ADDED from AndroidManifest.xml:376:17
	android:name
		ADDED from AndroidManifest.xml:376:25
receiver#cn.bmob.push.PushReceiver
ADDED from AndroidManifest.xml:380:9
	android:name
		ADDED from AndroidManifest.xml:380:19
intent-filter#android.intent.action.BOOT_COMPLETED+android.intent.action.USER_PRESENT+android.net.conn.CONNECTIVITY_CHANGE
ADDED from AndroidManifest.xml:381:13
	android:priority
		ADDED from AndroidManifest.xml:381:28
action#android.intent.action.BOOT_COMPLETED
ADDED from AndroidManifest.xml:383:17
	android:name
		ADDED from AndroidManifest.xml:383:25
action#android.intent.action.USER_PRESENT
ADDED from AndroidManifest.xml:385:17
	android:name
		ADDED from AndroidManifest.xml:385:25
action#android.net.conn.CONNECTIVITY_CHANGE
ADDED from AndroidManifest.xml:387:17
	android:name
		ADDED from AndroidManifest.xml:387:25
receiver#com.stone.shop.receiver.PushMessageReceiver
ADDED from AndroidManifest.xml:392:9
	android:name
		ADDED from AndroidManifest.xml:392:19
intent-filter#cn.bmob.push.action.MESSAGE
ADDED from AndroidManifest.xml:393:13
action#cn.bmob.push.action.MESSAGE
ADDED from AndroidManifest.xml:394:17
	android:name
		ADDED from AndroidManifest.xml:394:25
meta-data#UMENG_APPKEY
ADDED from AndroidManifest.xml:401:9
	android:name
		ADDED from AndroidManifest.xml:402:13
	android:value
		ADDED from AndroidManifest.xml:403:13
meta-data#UMENG_CHANNEL
ADDED from AndroidManifest.xml:404:9
	android:name
		ADDED from AndroidManifest.xml:405:13
	android:value
		ADDED from AndroidManifest.xml:406:13
activity#com.alipay.sdk.app.H5PayActivity
ADDED from AndroidManifest.xml:410:9
	android:windowSoftInputMode
		ADDED from AndroidManifest.xml:415:13
	android:screenOrientation
		ADDED from AndroidManifest.xml:414:13
	android:configChanges
		ADDED from AndroidManifest.xml:412:13
	android:exported
		ADDED from AndroidManifest.xml:413:13
	android:name
		ADDED from AndroidManifest.xml:411:13
activity#com.bmob.pay.tool.PayActivity
ADDED from AndroidManifest.xml:416:9
	android:theme
		ADDED from AndroidManifest.xml:418:13
	android:name
		ADDED from AndroidManifest.xml:417:13